<?xml version="1.0" encoding="UTF-8"?>
<!-- Generated by org.testng.reporters.JUnitReportReporter -->
<testsuite skipped="0" hostname="WL357042" name="com.seleniumpractice.TestNg" tests="1" failures="0" timestamp="29 May 2019 05:08:38 GMT" time="0.013" errors="0">
  <testcase name="display" time="0.013" classname="com.seleniumpractice.TestNg"/>
</testsuite> <!-- com.seleniumpractice.TestNg -->
